<?xml version="1.0" encoding="UTF-8"?>
<testng-results skipped="0" failed="1" ignored="0" total="2" passed="1">
  <reporter-output>
  </reporter-output>
  <suite name="Suite" duration-ms="10113" started-at="2023-11-03T18:48:43 IST" finished-at="2023-11-03T18:48:53 IST">
    <groups>
    </groups>
    <test name="Test" duration-ms="10113" started-at="2023-11-03T18:48:43 IST" finished-at="2023-11-03T18:48:53 IST">
      <class name="testNG_programs.P6">
        <test-method status="PASS" signature="launchBrowser()[pri:0, instance:testNG_programs.P6@2781e022]" name="launchBrowser" is-config="true" duration-ms="1935" started-at="2023-11-03T18:48:43 IST" finished-at="2023-11-03T18:48:45 IST">
          <reporter-output>
          </reporter-output>
        </test-method> <!-- launchBrowser -->
        <test-method status="PASS" signature="fbLoginScript()[pri:0, instance:testNG_programs.P6@2781e022]" name="fbLoginScript" duration-ms="1945" started-at="2023-11-03T18:48:45 IST" finished-at="2023-11-03T18:48:47 IST">
          <reporter-output>
          </reporter-output>
        </test-method> <!-- fbLoginScript -->
        <test-method status="PASS" signature="closeBrowser()[pri:0, instance:testNG_programs.P6@2781e022]" name="closeBrowser" is-config="true" duration-ms="652" started-at="2023-11-03T18:48:47 IST" finished-at="2023-11-03T18:48:48 IST">
          <reporter-output>
          </reporter-output>
        </test-method> <!-- closeBrowser -->
      </class> <!-- testNG_programs.P6 -->
      <class name="testNG_programs.p5">
        <test-method status="PASS" signature="launchBrowser()[pri:0, instance:testNG_programs.p5@57e1b0c]" name="launchBrowser" is-config="true" duration-ms="878" started-at="2023-11-03T18:48:48 IST" finished-at="2023-11-03T18:48:49 IST">
          <reporter-output>
          </reporter-output>
        </test-method> <!-- launchBrowser -->
        <test-method status="FAIL" signature="actiLoginScript()[pri:0, instance:testNG_programs.p5@57e1b0c]" name="actiLoginScript" duration-ms="4037" started-at="2023-11-03T18:48:49 IST" finished-at="2023-11-03T18:48:53 IST">
          <exception class="org.openqa.selenium.NoSuchElementException">
            <message>
              <![CDATA[Unable to find element with locator By.cssSelector: input[name='username']
For documentation on this error, please visit: https://www.selenium.dev/documentation/webdriver/troubleshooting/errors#no-such-element-exception
Build info: version: '4.10.0', revision: 'c14d967899'
System info: os.name: 'Windows 10', os.arch: 'amd64', os.version: '10.0', java.version: '1.8.0_162'
Driver info: driver.version: RemoteWebDriver]]>
            </message>
            <full-stacktrace>
              <![CDATA[org.openqa.selenium.NoSuchElementException: Unable to find element with locator By.cssSelector: input[name='username']
For documentation on this error, please visit: https://www.selenium.dev/documentation/webdriver/troubleshooting/errors#no-such-element-exception
Build info: version: '4.10.0', revision: 'c14d967899'
System info: os.name: 'Windows 10', os.arch: 'amd64', os.version: '10.0', java.version: '1.8.0_162'
Driver info: driver.version: RemoteWebDriver
at org.openqa.selenium.remote.ElementLocation$ElementFinder$2.findElement(ElementLocation.java:168)
at org.openqa.selenium.remote.ElementLocation.findElement(ElementLocation.java:59)
at org.openqa.selenium.remote.RemoteWebDriver.findElement(RemoteWebDriver.java:350)
at org.openqa.selenium.remote.RemoteWebDriver.findElement(RemoteWebDriver.java:344)
at testNG_programs.p5.actiLoginScript(p5.java:11)
at sun.reflect.NativeMethodAccessorImpl.invoke0(Native Method)
at sun.reflect.NativeMethodAccessorImpl.invoke(Unknown Source)
at sun.reflect.DelegatingMethodAccessorImpl.invoke(Unknown Source)
at java.lang.reflect.Method.invoke(Unknown Source)
at org.testng.internal.MethodInvocationHelper.invokeMethod(MethodInvocationHelper.java:134)
at org.testng.internal.TestInvoker.invokeMethod(TestInvoker.java:597)
at org.testng.internal.TestInvoker.invokeTestMethod(TestInvoker.java:173)
at org.testng.internal.MethodRunner.runInSequence(MethodRunner.java:46)
at org.testng.internal.TestInvoker$MethodInvocationAgent.invoke(TestInvoker.java:816)
at org.testng.internal.TestInvoker.invokeTestMethods(TestInvoker.java:146)
at org.testng.internal.TestMethodWorker.invokeTestMethods(TestMethodWorker.java:146)
at org.testng.internal.TestMethodWorker.run(TestMethodWorker.java:128)
at java.util.ArrayList.forEach(Unknown Source)
at org.testng.TestRunner.privateRun(TestRunner.java:766)
at org.testng.TestRunner.run(TestRunner.java:587)
at org.testng.SuiteRunner.runTest(SuiteRunner.java:384)
at org.testng.SuiteRunner.runSequentially(SuiteRunner.java:378)
at org.testng.SuiteRunner.privateRun(SuiteRunner.java:337)
at org.testng.SuiteRunner.run(SuiteRunner.java:286)
at org.testng.SuiteRunnerWorker.runSuite(SuiteRunnerWorker.java:53)
at org.testng.SuiteRunnerWorker.run(SuiteRunnerWorker.java:96)
at org.testng.TestNG.runSuitesSequentially(TestNG.java:1187)
at org.testng.TestNG.runSuitesLocally(TestNG.java:1109)
at org.testng.TestNG.runSuites(TestNG.java:1039)
at org.testng.TestNG.run(TestNG.java:1007)
at org.testng.remote.AbstractRemoteTestNG.run(AbstractRemoteTestNG.java:115)
at org.testng.remote.RemoteTestNG.initAndRun(RemoteTestNG.java:251)
at org.testng.remote.RemoteTestNG.main(RemoteTestNG.java:77)
]]>
            </full-stacktrace>
          </exception> <!-- org.openqa.selenium.NoSuchElementException -->
          <reporter-output>
          </reporter-output>
        </test-method> <!-- actiLoginScript -->
        <test-method status="PASS" signature="closeBrowser()[pri:0, instance:testNG_programs.p5@57e1b0c]" name="closeBrowser" is-config="true" duration-ms="633" started-at="2023-11-03T18:48:53 IST" finished-at="2023-11-03T18:48:53 IST">
          <reporter-output>
          </reporter-output>
        </test-method> <!-- closeBrowser -->
      </class> <!-- testNG_programs.p5 -->
    </test> <!-- Test -->
  </suite> <!-- Suite -->
</testng-results>
